<?xml version="1.0" encoding="UTF-8"?>
<!-- Generated by org.testng.reporters.JUnitReportReporter -->
<testsuite hostname="METHRE" failures="0" tests="1" name="cucumberOptions.TestNGTestRunner" time="17.457" errors="0" timestamp="2023-10-16T02:38:56 IST" skipped="0">
  <testcase classname="cucumberOptions.TestNGTestRunner" name="runScenario" time="17.457"/>
</testsuite> <!-- cucumberOptions.TestNGTestRunner -->
